{"C:\\Users\\alexa\\Documents\\functional_programming_day1\\application.js": {"path":"C:\\Users\\alexa\\Documents\\functional_programming_day1\\application.js","statementMap":{"0":{"start":{"line":55,"column":4},"end":{"line":63,"column":5}},"1":{"start":{"line":56,"column":6},"end":{"line":56,"column":28}},"2":{"start":{"line":58,"column":6},"end":{"line":60,"column":7}},"3":{"start":{"line":59,"column":8},"end":{"line":59,"column":27}},"4":{"start":{"line":62,"column":6},"end":{"line":62,"column":80}},"5":{"start":{"line":67,"column":4},"end":{"line":75,"column":5}},"6":{"start":{"line":68,"column":6},"end":{"line":68,"column":25}},"7":{"start":{"line":70,"column":6},"end":{"line":72,"column":7}},"8":{"start":{"line":71,"column":8},"end":{"line":71,"column":24}},"9":{"start":{"line":74,"column":6},"end":{"line":74,"column":73}},"10":{"start":{"line":78,"column":4},"end":{"line":86,"column":5}},"11":{"start":{"line":79,"column":6},"end":{"line":79,"column":27}},"12":{"start":{"line":81,"column":6},"end":{"line":83,"column":7}},"13":{"start":{"line":82,"column":8},"end":{"line":82,"column":26}},"14":{"start":{"line":85,"column":6},"end":{"line":85,"column":78}},"15":{"start":{"line":90,"column":4},"end":{"line":98,"column":5}},"16":{"start":{"line":91,"column":6},"end":{"line":91,"column":26}},"17":{"start":{"line":93,"column":6},"end":{"line":95,"column":7}},"18":{"start":{"line":94,"column":8},"end":{"line":94,"column":25}},"19":{"start":{"line":97,"column":6},"end":{"line":97,"column":76}},"20":{"start":{"line":102,"column":24},"end":{"line":102,"column":65}},"21":{"start":{"line":103,"column":19},"end":{"line":103,"column":60}},"22":{"start":{"line":105,"column":28},"end":{"line":105,"column":65}},"23":{"start":{"line":106,"column":16},"end":{"line":106,"column":57}},"24":{"start":{"line":108,"column":6},"end":{"line":108,"column":73}},"25":{"start":{"line":109,"column":18},"end":{"line":109,"column":58}},"26":{"start":{"line":110,"column":27},"end":{"line":110,"column":58}},"27":{"start":{"line":111,"column":18},"end":{"line":111,"column":59}},"28":{"start":{"line":112,"column":4},"end":{"line":112,"column":41}},"29":{"start":{"line":113,"column":4},"end":{"line":113,"column":35}},"30":{"start":{"line":114,"column":4},"end":{"line":114,"column":39}},"31":{"start":{"line":115,"column":4},"end":{"line":115,"column":40}},"32":{"start":{"line":116,"column":4},"end":{"line":116,"column":127}}},"fnMap":{"0":{"name":"(anonymous_0)","decl":{"start":{"line":54,"column":2},"end":{"line":54,"column":3}},"loc":{"start":{"line":54,"column":57},"end":{"line":64,"column":3}},"line":54},"1":{"name":"(anonymous_1)","decl":{"start":{"line":66,"column":2},"end":{"line":66,"column":3}},"loc":{"start":{"line":66,"column":51},"end":{"line":76,"column":3}},"line":66},"2":{"name":"(anonymous_2)","decl":{"start":{"line":77,"column":2},"end":{"line":77,"column":3}},"loc":{"start":{"line":77,"column":55},"end":{"line":87,"column":3}},"line":77},"3":{"name":"(anonymous_3)","decl":{"start":{"line":89,"column":2},"end":{"line":89,"column":3}},"loc":{"start":{"line":89,"column":53},"end":{"line":99,"column":3}},"line":89},"4":{"name":"(anonymous_4)","decl":{"start":{"line":101,"column":2},"end":{"line":101,"column":3}},"loc":{"start":{"line":101,"column":41},"end":{"line":117,"column":3}},"line":101}},"branchMap":{"0":{"loc":{"start":{"line":55,"column":4},"end":{"line":63,"column":5}},"type":"if","locations":[{"start":{"line":55,"column":4},"end":{"line":63,"column":5}},{"start":{"line":55,"column":4},"end":{"line":63,"column":5}}],"line":55},"1":{"loc":{"start":{"line":58,"column":6},"end":{"line":60,"column":7}},"type":"if","locations":[{"start":{"line":58,"column":6},"end":{"line":60,"column":7}},{"start":{"line":58,"column":6},"end":{"line":60,"column":7}}],"line":58},"2":{"loc":{"start":{"line":67,"column":4},"end":{"line":75,"column":5}},"type":"if","locations":[{"start":{"line":67,"column":4},"end":{"line":75,"column":5}},{"start":{"line":67,"column":4},"end":{"line":75,"column":5}}],"line":67},"3":{"loc":{"start":{"line":70,"column":6},"end":{"line":72,"column":7}},"type":"if","locations":[{"start":{"line":70,"column":6},"end":{"line":72,"column":7}},{"start":{"line":70,"column":6},"end":{"line":72,"column":7}}],"line":70},"4":{"loc":{"start":{"line":78,"column":4},"end":{"line":86,"column":5}},"type":"if","locations":[{"start":{"line":78,"column":4},"end":{"line":86,"column":5}},{"start":{"line":78,"column":4},"end":{"line":86,"column":5}}],"line":78},"5":{"loc":{"start":{"line":81,"column":6},"end":{"line":83,"column":7}},"type":"if","locations":[{"start":{"line":81,"column":6},"end":{"line":83,"column":7}},{"start":{"line":81,"column":6},"end":{"line":83,"column":7}}],"line":81},"6":{"loc":{"start":{"line":90,"column":4},"end":{"line":98,"column":5}},"type":"if","locations":[{"start":{"line":90,"column":4},"end":{"line":98,"column":5}},{"start":{"line":90,"column":4},"end":{"line":98,"column":5}}],"line":90},"7":{"loc":{"start":{"line":93,"column":6},"end":{"line":95,"column":7}},"type":"if","locations":[{"start":{"line":93,"column":6},"end":{"line":95,"column":7}},{"start":{"line":93,"column":6},"end":{"line":95,"column":7}}],"line":93}},"s":{"0":6,"1":3,"2":3,"3":3,"4":3,"5":6,"6":3,"7":3,"8":3,"9":3,"10":4,"11":2,"12":2,"13":2,"14":2,"15":7,"16":2,"17":5,"18":2,"19":5,"20":1,"21":1,"22":1,"23":1,"24":1,"25":1,"26":1,"27":1,"28":1,"29":1,"30":1,"31":1,"32":1},"f":{"0":6,"1":6,"2":4,"3":7,"4":1},"b":{"0":[3,3],"1":[3,0],"2":[3,3],"3":[3,0],"4":[2,2],"5":[2,0],"6":[2,5],"7":[2,3]},"_coverageSchema":"43e27e138ebf9cfc5966b082cf9a028302ed4184","hash":"074fbb8d00733f71a3bce3a347b4b03ea16a2e3a"}
}
