TN:
SF:C:\Users\alexa\Documents\functional_programming_day1\application.js
FN:54,(anonymous_0)
FN:66,(anonymous_1)
FN:77,(anonymous_2)
FN:89,(anonymous_3)
FN:101,(anonymous_4)
FNF:5
FNH:5
FNDA:6,(anonymous_0)
FNDA:6,(anonymous_1)
FNDA:4,(anonymous_2)
FNDA:7,(anonymous_3)
FNDA:1,(anonymous_4)
DA:55,6
DA:56,3
DA:58,3
DA:59,3
DA:62,3
DA:67,6
DA:68,3
DA:70,3
DA:71,3
DA:74,3
DA:78,4
DA:79,2
DA:81,2
DA:82,2
DA:85,2
DA:90,7
DA:91,2
DA:93,5
DA:94,2
DA:97,5
DA:102,1
DA:103,1
DA:105,1
DA:106,1
DA:108,1
DA:109,1
DA:110,1
DA:111,1
DA:112,1
DA:113,1
DA:114,1
DA:115,1
DA:116,1
LF:33
LH:33
BRDA:55,0,0,3
BRDA:55,0,1,3
BRDA:58,1,0,3
BRDA:58,1,1,0
BRDA:67,2,0,3
BRDA:67,2,1,3
BRDA:70,3,0,3
BRDA:70,3,1,0
BRDA:78,4,0,2
BRDA:78,4,1,2
BRDA:81,5,0,2
BRDA:81,5,1,0
BRDA:90,6,0,2
BRDA:90,6,1,5
BRDA:93,7,0,2
BRDA:93,7,1,3
BRF:16
BRH:13
end_of_record
